[35m[Appium][39m Welcome to Appium v1.17.0
[35m[Appium][39m Non-default server args:
[35m[Appium][39m   port: 52647
[35m[Appium][39m   loglevel: info
[35m[Appium][39m   tmpDir: C:\Users\Asus\AppData\Local\Temp\\Katalon\Appium\Temp1588852525607
[35m[Appium][39m   chromedriverPort: 52648
[35m[Appium][39m Deprecated server args:
[35m[Appium][39m   [31m--chromedriver-port[39m => --default-capabilities '{"chromedriverPort":52648}'
[35m[Appium][39m Default capabilities, which will be added to each request unless overridden by desired capabilities:
[35m[Appium][39m   chromedriverPort: 52648
[35m[Appium][39m Appium REST http interface listener started on 0.0.0.0:52647
[35m[HTTP][39m [37m-->[39m [37mGET[39m [37m/wd/hub/status[39m
[35m[HTTP][39m [90m{}[39m
[35m[HTTP][39m [37m<-- GET /wd/hub/status [39m[32m200[39m [90m6 ms - 68[39m
[35m[HTTP][39m [90m[39m
[35m[HTTP][39m [37m-->[39m [37mGET[39m [37m/wd/hub/status[39m
[35m[HTTP][39m [90m{}[39m
[35m[HTTP][39m [37m<-- GET /wd/hub/status [39m[32m200[39m [90m1 ms - 68[39m
[35m[HTTP][39m [90m[39m
[35m[HTTP][39m [37m-->[39m [37mPOST[39m [37m/wd/hub/session[39m
[35m[HTTP][39m [90m{"desiredCapabilities":{"app":"D:\\Katalon\\Android\\Data Files\\Foody.apk","noReset":true,"deviceName":"Xiaomi Mi A1 (Android 9)","fullReset":false,"platform":"ANDROID","newCommandTimeout":1800,"platformVersion":"9","automationName":"uiautomator2","autoGrantPermissions":true,"platformName":"Android","udid":"00970c6f0804","systemPort":52653},"capabilities":{"firstMatch":[{"appium:app":"D:\\Katalon\\Android\\Data Files\\Foody.apk","appium:autoGrantPermissions":true,"appium:automationName":"uiautomator2","appium:deviceName":"Xiaomi Mi A1 (Android 9)","appium:fullReset":false,"appium:newCommandTimeout":1800,"appium:noReset":true,"platform":"ANDROID","platformName":"android","appium:platformVersion":"9","appium:systemPort":52653,"appium:udid":"00970c6f0804"}]}}[39m
[35m[BaseDriver][39m The following capabilities are not standard capabilities and should have an extension prefix:
[35m[BaseDriver][39m   platform
[35m[BaseDriver][39m   chromedriverPort
[35m[Appium][39m Appium v1.17.0 creating new AndroidUiautomator2Driver (v1.44.2) session
[35m[BaseDriver][39m The following capabilities were provided, but are not recognized by Appium:
[35m[BaseDriver][39m   platform
[35m[BaseDriver][39m Session created with session id: 2e8e2acd-1235-4430-9a3d-971e0aa15a51
[35m[BaseDriver][39m Using local app 'D:\Katalon\Android\Data Files\Foody.apk'
[35m[ADB][39m Found 3 'build-tools' folders under 'C:\Users\Asus\.katalon\tools\android_sdk' (newest first):
[35m[ADB][39m     C:/Users/Asus/.katalon/tools/android_sdk/build-tools/30.0.0-rc1
[35m[ADB][39m     C:/Users/Asus/.katalon/tools/android_sdk/build-tools/29.0.3
[35m[ADB][39m     C:/Users/Asus/.katalon/tools/android_sdk/build-tools/29.0.2
[35m[ADB][39m Using 'adb.exe' from 'C:\Users\Asus\.katalon\tools\android_sdk\platform-tools\adb.exe'
[35m[AndroidDriver][39m Retrieving device list
[35m[AndroidDriver][39m Using device: 00970c6f0804
[35m[ADB][39m Using 'adb.exe' from 'C:\Users\Asus\.katalon\tools\android_sdk\platform-tools\adb.exe'
[35m[ADB][39m Getting device platform version
[35m[UiAutomator2][39m Relaxing hidden api policy
[35m[ADB][39m Package name: 'com.foody.vn.activity'
[35m[ADB][39m Main activity name: 'com.foody.ui.activities.NewFlashActivity'
[35m[ADB][39m Using 'apksigner.jar' from 'C:\Users\Asus\.katalon\tools\android_sdk\build-tools\30.0.0-rc1\lib\apksigner.jar'
[35m[ADB][39m Cannot use apksigner tool for signature verification. Original error: Command 'C:\\Users\\Asus\\Downloads\\Katalon_Studio_Windows_64-6.2.1\\jre\\bin\\java.exe -Xmx1024M -Xss1m -jar C:\\Users\\Asus\\.katalon\\tools\\android_sdk\\build-tools\\30.0.0-rc1\\lib\\apksigner.jar verify --print-certs C:\\Users\\Asus\\AppData\\Roaming\\npm\\node_modules\\appium\\node_modules\\appium-uiautomator2-server\\apks\\appium-uiautomator2-server-v4.5.5.apk' exited with code 1
[35m[ADB][39m Cannot use apksigner tool for signature verification. Original error: Command 'C:\\Users\\Asus\\Downloads\\Katalon_Studio_Windows_64-6.2.1\\jre\\bin\\java.exe -Xmx1024M -Xss1m -jar C:\\Users\\Asus\\.katalon\\tools\\android_sdk\\build-tools\\30.0.0-rc1\\lib\\apksigner.jar verify --print-certs C:\\Users\\Asus\\AppData\\Roaming\\npm\\node_modules\\appium\\node_modules\\appium-uiautomator2-server\\apks\\appium-uiautomator2-server-debug-androidTest.apk' exited with code 1
[35m[UiAutomator2][39m Server packages are not going to be (re)installed
[35m[ADB][39m Cannot use apksigner tool for signature verification. Original error: Command 'C:\\Users\\Asus\\Downloads\\Katalon_Studio_Windows_64-6.2.1\\jre\\bin\\java.exe -Xmx1024M -Xss1m -jar C:\\Users\\Asus\\.katalon\\tools\\android_sdk\\build-tools\\30.0.0-rc1\\lib\\apksigner.jar verify --print-certs 'D:\\Katalon\\Android\\Data Files\\Foody.apk'' exited with code 1
[35m[UiAutomator2][39m Starting UIAutomator2 server 4.5.5
[35m[UiAutomator2][39m Using UIAutomator2 server from 'C:\Users\Asus\AppData\Roaming\npm\node_modules\appium\node_modules\appium-uiautomator2-server\apks\appium-uiautomator2-server-v4.5.5.apk' and test from 'C:\Users\Asus\AppData\Roaming\npm\node_modules\appium\node_modules\appium-uiautomator2-server\apks\appium-uiautomator2-server-debug-androidTest.apk'
[35m[UiAutomator2][39m Waiting up to 30000ms for UiAutomator2 to be online...
[35m[WD Proxy][39m Got response with unknown status: {"code":"ECONNRESET"}
[35m[WD Proxy][39m Got response with unknown status: {"code":"ECONNRESET"}
[35m[WD Proxy][39m Got response with unknown status: {"code":"ECONNRESET"}
[35m[WD Proxy][39m Determined the downstream protocol as 'W3C'
[35m[AndroidDriver][39m Screen already unlocked, doing nothing
[35m[UiAutomator2][39m Starting 'com.foody.vn.activity/com.foody.ui.activities.NewFlashActivity and waiting for 'com.foody.vn.activity/com.foody.ui.activities.NewFlashActivity'
[35m[Appium][39m New AndroidUiautomator2Driver session created successfully, session 2e8e2acd-1235-4430-9a3d-971e0aa15a51 added to master session list
[35m[HTTP][39m [37m<-- POST /wd/hub/session [39m[32m200[39m [90m10719 ms - 1232[39m
[35m[HTTP][39m [90m[39m
[35m[HTTP][39m [37m-->[39m [37mGET[39m [37m/wd/hub/session/2e8e2acd-1235-4430-9a3d-971e0aa15a51[39m
[35m[HTTP][39m [90m{}[39m
[35m[HTTP][39m [37m<-- GET /wd/hub/session/2e8e2acd-1235-4430-9a3d-971e0aa15a51 [39m[32m200[39m [90m24 ms - 1164[39m
[35m[HTTP][39m [90m[39m
[35m[HTTP][39m [37m-->[39m [37mGET[39m [37m/wd/hub/session/2e8e2acd-1235-4430-9a3d-971e0aa15a51[39m
[35m[HTTP][39m [90m{}[39m
[35m[HTTP][39m [37m<-- GET /wd/hub/session/2e8e2acd-1235-4430-9a3d-971e0aa15a51 [39m[32m200[39m [90m24 ms - 1164[39m
[35m[HTTP][39m [90m[39m
[35m[HTTP][39m [37m-->[39m [37mGET[39m [37m/wd/hub/status[39m
[35m[HTTP][39m [90m{}[39m
[35m[HTTP][39m [37m<-- GET /wd/hub/status [39m[32m200[39m [90m2 ms - 68[39m
[35m[HTTP][39m [90m[39m
[35m[HTTP][39m [37m-->[39m [37mPOST[39m [37m/wd/hub/session/2e8e2acd-1235-4430-9a3d-971e0aa15a51/timeouts[39m
[35m[HTTP][39m [90m{"implicit":60000}[39m
[35m[HTTP][39m [37m<-- POST /wd/hub/session/2e8e2acd-1235-4430-9a3d-971e0aa15a51/timeouts [39m[32m200[39m [90m7 ms - 14[39m
[35m[HTTP][39m [90m[39m
[35m[HTTP][39m [37m-->[39m [37mGET[39m [37m/wd/hub/session/2e8e2acd-1235-4430-9a3d-971e0aa15a51/source[39m
[35m[HTTP][39m [90m{}[39m
[35m[W3C (2e8e2acd)][39m Driver proxy active, passing request on via HTTP proxy
[35m[WD Proxy][39m Replacing sessionId 9351d884-2b77-4178-bcf1-6558d84d138b with 2e8e2acd-1235-4430-9a3d-971e0aa15a51
[35m[HTTP][39m [37m<-- GET /wd/hub/session/2e8e2acd-1235-4430-9a3d-971e0aa15a51/source [39m[32m200[39m [90m2001 ms - 5907[39m
[35m[HTTP][39m [90m[39m
[35m[HTTP][39m [37m-->[39m [37mGET[39m [37m/wd/hub/session/2e8e2acd-1235-4430-9a3d-971e0aa15a51/screenshot[39m
[35m[HTTP][39m [90m{}[39m
[35m[HTTP][39m [37m<-- GET /wd/hub/session/2e8e2acd-1235-4430-9a3d-971e0aa15a51/screenshot [39m[32m200[39m [90m1372 ms - 672832[39m
[35m[HTTP][39m [90m[39m
[35m[HTTP][39m [37m-->[39m [37mGET[39m [37m/wd/hub/session/2e8e2acd-1235-4430-9a3d-971e0aa15a51/source[39m
[35m[HTTP][39m [90m{}[39m
[35m[W3C (2e8e2acd)][39m Driver proxy active, passing request on via HTTP proxy
[35m[WD Proxy][39m Replacing sessionId 9351d884-2b77-4178-bcf1-6558d84d138b with 2e8e2acd-1235-4430-9a3d-971e0aa15a51
[35m[HTTP][39m [37m<-- GET /wd/hub/session/2e8e2acd-1235-4430-9a3d-971e0aa15a51/source [39m[32m200[39m [90m1341 ms - 38367[39m
[35m[HTTP][39m [90m[39m
[35m[HTTP][39m [37m-->[39m [37mGET[39m [37m/wd/hub/session/2e8e2acd-1235-4430-9a3d-971e0aa15a51/screenshot[39m
[35m[HTTP][39m [90m{}[39m
[35m[HTTP][39m [37m<-- GET /wd/hub/session/2e8e2acd-1235-4430-9a3d-971e0aa15a51/screenshot [39m[32m200[39m [90m1487 ms - 1049208[39m
[35m[HTTP][39m [90m[39m
[35m[HTTP][39m [37m-->[39m [37mGET[39m [37m/wd/hub/session/2e8e2acd-1235-4430-9a3d-971e0aa15a51/source[39m
[35m[HTTP][39m [90m{}[39m
[35m[W3C (2e8e2acd)][39m Driver proxy active, passing request on via HTTP proxy
[35m[WD Proxy][39m Replacing sessionId 9351d884-2b77-4178-bcf1-6558d84d138b with 2e8e2acd-1235-4430-9a3d-971e0aa15a51
[35m[HTTP][39m [37m<-- GET /wd/hub/session/2e8e2acd-1235-4430-9a3d-971e0aa15a51/source [39m[32m200[39m [90m678 ms - 47068[39m
[35m[HTTP][39m [90m[39m
[35m[HTTP][39m [37m-->[39m [37mGET[39m [37m/wd/hub/session/2e8e2acd-1235-4430-9a3d-971e0aa15a51/screenshot[39m
[35m[HTTP][39m [90m{}[39m
[35m[HTTP][39m [37m<-- GET /wd/hub/session/2e8e2acd-1235-4430-9a3d-971e0aa15a51/screenshot [39m[32m200[39m [90m1534 ms - 742704[39m
[35m[HTTP][39m [90m[39m
[35m[HTTP][39m [37m-->[39m [37mGET[39m [37m/wd/hub/session/2e8e2acd-1235-4430-9a3d-971e0aa15a51/source[39m
[35m[HTTP][39m [90m{}[39m
[35m[W3C (2e8e2acd)][39m Driver proxy active, passing request on via HTTP proxy
[35m[WD Proxy][39m Replacing sessionId 9351d884-2b77-4178-bcf1-6558d84d138b with 2e8e2acd-1235-4430-9a3d-971e0aa15a51
[35m[HTTP][39m [37m<-- GET /wd/hub/session/2e8e2acd-1235-4430-9a3d-971e0aa15a51/source [39m[32m200[39m [90m774 ms - 47068[39m
[35m[HTTP][39m [90m[39m
[35m[HTTP][39m [37m-->[39m [37mGET[39m [37m/wd/hub/session/2e8e2acd-1235-4430-9a3d-971e0aa15a51/screenshot[39m
[35m[HTTP][39m [90m{}[39m
[35m[HTTP][39m [37m<-- GET /wd/hub/session/2e8e2acd-1235-4430-9a3d-971e0aa15a51/screenshot [39m[32m200[39m [90m1147 ms - 742618[39m
[35m[HTTP][39m [90m[39m
[35m[HTTP][39m [37m-->[39m [37mGET[39m [37m/wd/hub/session/2e8e2acd-1235-4430-9a3d-971e0aa15a51/source[39m
[35m[HTTP][39m [90m{}[39m
[35m[W3C (2e8e2acd)][39m Driver proxy active, passing request on via HTTP proxy
[35m[WD Proxy][39m Replacing sessionId 9351d884-2b77-4178-bcf1-6558d84d138b with 2e8e2acd-1235-4430-9a3d-971e0aa15a51
[35m[HTTP][39m [37m<-- GET /wd/hub/session/2e8e2acd-1235-4430-9a3d-971e0aa15a51/source [39m[32m200[39m [90m1363 ms - 57122[39m
[35m[HTTP][39m [90m[39m
[35m[HTTP][39m [37m-->[39m [37mGET[39m [37m/wd/hub/session/2e8e2acd-1235-4430-9a3d-971e0aa15a51/screenshot[39m
[35m[HTTP][39m [90m{}[39m
[35m[HTTP][39m [37m<-- GET /wd/hub/session/2e8e2acd-1235-4430-9a3d-971e0aa15a51/screenshot [39m[32m200[39m [90m1945 ms - 1168852[39m
[35m[HTTP][39m [90m[39m
[35m[HTTP][39m [37m-->[39m [37mDELETE[39m [37m/wd/hub/session/2e8e2acd-1235-4430-9a3d-971e0aa15a51[39m
[35m[HTTP][39m [90m{}[39m
[35m[Appium][39m Removing session 2e8e2acd-1235-4430-9a3d-971e0aa15a51 from our master session list
[35m[UiAutomator2][39m Restoring hidden api policy to the device default configuration
[35m[HTTP][39m [37m<-- DELETE /wd/hub/session/2e8e2acd-1235-4430-9a3d-971e0aa15a51 [39m[32m200[39m [90m646 ms - 14[39m
[35m[HTTP][39m [90m[39m
